# interactive debugging tools
ipython
jupyter
# data explore and visulize
pandas
matplotlib
scipy
seaborn
# general data stores
mysql-connector==2.1.6
redis
PyYAML
# below required to pd.read_excel()
xlrd
# module to retrieve yahoo finance data
fix_yahoo_finance
# to run pd.read_sql()
SQLAlchemy
pymysql
# Pandas remote data Access
pandas-datareader 
# for parquet files
pyarrow
# for performance
numexpr
# for mongodb
pymongo==3.4.0
# other modules
ngram
sklearn
# pandas to parse table from html
html5lib
BeautifulSoup4
# excel
xlwt
